\BOOKMARK [1][-]{Section.0.Introduction.1}{Introduction}{}% 1
\BOOKMARK [2][-]{Subsection.1.0.Background.2}{Background}{Section.0.Introduction.1}% 2
\BOOKMARK [2][-]{Subsection.1.1.Overall objectives.2}{Overall objectives}{Section.0.Introduction.1}% 3
\BOOKMARK [2][-]{Subsection.1.2.Simulated data.2}{Simulated data}{Section.0.Introduction.1}% 4
\BOOKMARK [2][-]{Subsection.1.3.Real data.2}{Real data}{Section.0.Introduction.1}% 5
\BOOKMARK [1][-]{Section.1.Example I.1}{Example I}{}% 6
\BOOKMARK [2][-]{Subsection.2.0.Goals.2}{Goals}{Section.1.Example I.1}% 7
\BOOKMARK [2][-]{Subsection.2.1.Analysis with JAGS.2}{Analysis with JAGS}{Section.1.Example I.1}% 8
\BOOKMARK [2][-]{Subsection.2.2.Analysis with unmarked.2}{Analysis with unmarked}{Section.1.Example I.1}% 9
\BOOKMARK [2][-]{Subsection.2.3.Analysis with R-INLA.2}{Analysis with R-INLA}{Section.1.Example I.1}% 10
\BOOKMARK [2][-]{Subsection.2.4.Example I summary.2}{Example I summary}{Section.1.Example I.1}% 11
\BOOKMARK [1][-]{Section.2.Example II.1}{Example II}{}% 12
\BOOKMARK [2][-]{Subsection.3.0.Goals.2}{Goals}{Section.2.Example II.1}% 13
\BOOKMARK [2][-]{Subsection.3.1.Analysis with JAGS.2}{Analysis with JAGS}{Section.2.Example II.1}% 14
\BOOKMARK [2][-]{Subsection.3.2.Example II summary.2}{Example II summary}{Section.2.Example II.1}% 15
\BOOKMARK [1][-]{Section.3.Example III.1}{Example III}{}% 16
\BOOKMARK [2][-]{Subsection.4.0.Goals.2}{Goals}{Section.3.Example III.1}% 17
\BOOKMARK [2][-]{Subsection.4.1.Analysis with unmarked.2}{Analysis with unmarked}{Section.3.Example III.1}% 18
\BOOKMARK [2][-]{Subsection.4.2.Analysis with R-INLA.2}{Analysis with R-INLA}{Section.3.Example III.1}% 19
\BOOKMARK [1][-]{Section.4.Discussion.1}{Discussion}{}% 20
\BOOKMARK [1][-]{Section..Recursive computations of the "nmix" likelihood.1}{Recursive computations of the "nmix" likelihood}{}% 21
